#-----------------------------------------------------------
# Vivado v2018.3 (64-bit)
# SW Build 2405991 on Thu Dec  6 23:38:27 MST 2018
# IP Build 2404404 on Fri Dec  7 01:43:56 MST 2018
# Start of session at: Tue Apr 16 14:16:26 2019
# Process ID: 7068
# Current directory: C:/Users/Kevin/Desktop/HardwareProj2/ALU
# Command line: vivado.exe -gui_launcher_event rodinguilauncherevent6412 C:\Users\Kevin\Desktop\HardwareProj2\ALU\ALU.xpr
# Log file: C:/Users/Kevin/Desktop/HardwareProj2/ALU/vivado.log
# Journal file: C:/Users/Kevin/Desktop/HardwareProj2/ALU\vivado.jou
#-----------------------------------------------------------
start_gui
open_project C:/Users/Kevin/Desktop/HardwareProj2/ALU/ALU.xpr
Scanning sources...
Finished scanning sources
INFO: [IP_Flow 19-234] Refreshing IP repositories
INFO: [IP_Flow 19-1704] No user IP repositories specified
INFO: [IP_Flow 19-2313] Loaded Vivado IP repository 'D:/Vivado/2018.3/data/ip'.
open_project: Time (s): cpu = 00:00:08 ; elapsed = 00:00:09 . Memory (MB): peak = 666.258 ; gain = 74.211
update_compile_order -fileset sources_1
exit
INFO: [Common 17-206] Exiting Vivado at Tue Apr 16 14:54:51 2019...
